<?xml version="1.0" encoding="UTF-8"?>
<!-- Generated by org.testng.reporters.JUnitReportReporter -->
<testsuite hostname="mahmudhp" failures="0" tests="1" name="KhaledMahmud.Senario2" time="0.460" errors="0" timestamp="2021-01-09T13:46:25 EST" skipped="0">
  <testcase classname="KhaledMahmud.Senario2" name="my_Test" time="0.460"/>
  <system-out/>
</testsuite> <!-- KhaledMahmud.Senario2 -->
